{"/home/sooyoungbabo/Basic-Javascript/6-sprint-mission/src/middleware/authorize.ts": {"path":"/home/sooyoungbabo/Basic-Javascript/6-sprint-mission/src/middleware/authorize.ts","statementMap":{"0":{"start":{"line":1,"column":0},"end":{"line":1,"column":47}},"1":{"start":{"line":2,"column":0},"end":{"line":2,"column":53}},"2":{"start":{"line":3,"column":0},"end":{"line":3,"column":53}},"3":{"start":{"line":4,"column":0},"end":{"line":4,"column":53}},"4":{"start":{"line":7,"column":0},"end":{"line":7,"column":55}},"5":{"start":{"line":8,"column":0},"end":{"line":8,"column":53}},"6":{"start":{"line":11,"column":2},"end":{"line":42,"column":3}},"7":{"start":{"line":13,"column":4},"end":{"line":26,"column":5}},"8":{"start":{"line":14,"column":24},"end":{"line":14,"column":70}},"9":{"start":{"line":15,"column":6},"end":{"line":15,"column":50}},"10":{"start":{"line":16,"column":11},"end":{"line":26,"column":5}},"11":{"start":{"line":17,"column":6},"end":{"line":17,"column":76}},"12":{"start":{"line":18,"column":11},"end":{"line":26,"column":5}},"13":{"start":{"line":19,"column":6},"end":{"line":19,"column":76}},"14":{"start":{"line":20,"column":11},"end":{"line":26,"column":5}},"15":{"start":{"line":21,"column":6},"end":{"line":21,"column":76}},"16":{"start":{"line":23,"column":6},"end":{"line":23,"column":22}},"17":{"start":{"line":24,"column":6},"end":{"line":24,"column":42}},"18":{"start":{"line":25,"column":6},"end":{"line":25,"column":45}},"19":{"start":{"line":34,"column":4},"end":{"line":38,"column":5}},"20":{"start":{"line":35,"column":6},"end":{"line":35,"column":22}},"21":{"start":{"line":36,"column":6},"end":{"line":36,"column":31}},"22":{"start":{"line":37,"column":6},"end":{"line":37,"column":43}},"23":{"start":{"line":39,"column":4},"end":{"line":39,"column":11}},"24":{"start":{"line":41,"column":4},"end":{"line":41,"column":14}},"25":{"start":{"line":45,"column":0},"end":{"line":45,"column":25}}},"fnMap":{"0":{"name":"authorize","decl":{"start":{"line":10,"column":15},"end":{"line":10,"column":24}},"loc":{"start":{"line":10,"column":72},"end":{"line":43,"column":null}}}},"branchMap":{"0":{"loc":{"start":{"line":13,"column":4},"end":{"line":26,"column":5}},"type":"if","locations":[{"start":{"line":13,"column":4},"end":{"line":26,"column":5}},{"start":{"line":16,"column":11},"end":{"line":26,"column":5}}]},"1":{"loc":{"start":{"line":16,"column":11},"end":{"line":26,"column":5}},"type":"if","locations":[{"start":{"line":16,"column":11},"end":{"line":26,"column":5}},{"start":{"line":18,"column":11},"end":{"line":26,"column":5}}]},"2":{"loc":{"start":{"line":18,"column":11},"end":{"line":26,"column":5}},"type":"if","locations":[{"start":{"line":18,"column":11},"end":{"line":26,"column":5}},{"start":{"line":20,"column":11},"end":{"line":26,"column":5}}]},"3":{"loc":{"start":{"line":20,"column":11},"end":{"line":26,"column":5}},"type":"if","locations":[{"start":{"line":20,"column":11},"end":{"line":26,"column":5}},{"start":{"line":22,"column":11},"end":{"line":26,"column":5}}]},"4":{"loc":{"start":{"line":34,"column":4},"end":{"line":38,"column":5}},"type":"if","locations":[{"start":{"line":34,"column":4},"end":{"line":38,"column":5}},{"start":{},"end":{}}]}},"s":{"0":1,"1":1,"2":1,"3":1,"4":1,"5":1,"6":8,"7":8,"8":2,"9":2,"10":6,"11":2,"12":4,"13":2,"14":2,"15":1,"16":1,"17":1,"18":1,"19":6,"20":2,"21":2,"22":2,"23":4,"24":4,"25":1},"f":{"0":8},"b":{"0":[2,6],"1":[2,4],"2":[2,2],"3":[1,1],"4":[2,4]}}
}
