{"/home/sooyoungbabo/Basic-Javascript/6-sprint-mission/src/controller/article.control.ts": {"path":"/home/sooyoungbabo/Basic-Javascript/6-sprint-mission/src/controller/article.control.ts","statementMap":{"0":{"start":{"line":1,"column":0},"end":{"line":1,"column":56}},"1":{"start":{"line":6,"column":18},"end":{"line":6,"column":66}},"2":{"start":{"line":7,"column":2},"end":{"line":7,"column":32}},"3":{"start":{"line":12,"column":18},"end":{"line":12,"column":69}},"4":{"start":{"line":13,"column":2},"end":{"line":13,"column":32}},"5":{"start":{"line":18,"column":2},"end":{"line":18,"column":44}},"6":{"start":{"line":19,"column":2},"end":{"line":19,"column":52}},"7":{"start":{"line":24,"column":17},"end":{"line":24,"column":80}},"8":{"start":{"line":25,"column":16},"end":{"line":25,"column":78}},"9":{"start":{"line":26,"column":17},"end":{"line":26,"column":55}},"10":{"start":{"line":27,"column":16},"end":{"line":27,"column":53}},"11":{"start":{"line":28,"column":18},"end":{"line":28,"column":57}},"12":{"start":{"line":30,"column":19},"end":{"line":30,"column":85}},"13":{"start":{"line":31,"column":2},"end":{"line":31,"column":33}},"14":{"start":{"line":36,"column":28},"end":{"line":36,"column":38}},"15":{"start":{"line":37,"column":17},"end":{"line":37,"column":28}},"16":{"start":{"line":38,"column":18},"end":{"line":38,"column":61}},"17":{"start":{"line":39,"column":2},"end":{"line":39,"column":32}},"18":{"start":{"line":44,"column":18},"end":{"line":44,"column":77}},"19":{"start":{"line":45,"column":2},"end":{"line":45,"column":32}},"20":{"start":{"line":48,"column":0},"end":{"line":55,"column":2}}},"fnMap":{"0":{"name":"post","decl":{"start":{"line":5,"column":15},"end":{"line":5,"column":19}},"loc":{"start":{"line":5,"column":47},"end":{"line":8,"column":null}}},"1":{"name":"patch","decl":{"start":{"line":11,"column":15},"end":{"line":11,"column":20}},"loc":{"start":{"line":11,"column":48},"end":{"line":14,"column":null}}},"2":{"name":"erase","decl":{"start":{"line":17,"column":15},"end":{"line":17,"column":20}},"loc":{"start":{"line":17,"column":48},"end":{"line":20,"column":null}}},"3":{"name":"getList","decl":{"start":{"line":23,"column":15},"end":{"line":23,"column":22}},"loc":{"start":{"line":23,"column":50},"end":{"line":32,"column":null}}},"4":{"name":"get","decl":{"start":{"line":35,"column":15},"end":{"line":35,"column":18}},"loc":{"start":{"line":35,"column":46},"end":{"line":40,"column":null}}},"5":{"name":"likeToggle","decl":{"start":{"line":43,"column":15},"end":{"line":43,"column":25}},"loc":{"start":{"line":43,"column":53},"end":{"line":46,"column":null}}}},"branchMap":{"0":{"loc":{"start":{"line":24,"column":17},"end":{"line":24,"column":80}},"type":"cond-expr","locations":[{"start":{"line":24,"column":36},"end":{"line":24,"column":76}},{"start":{"line":24,"column":79},"end":{"line":24,"column":80}}]},"1":{"loc":{"start":{"line":25,"column":16},"end":{"line":25,"column":78}},"type":"cond-expr","locations":[{"start":{"line":25,"column":34},"end":{"line":25,"column":73}},{"start":{"line":25,"column":76},"end":{"line":25,"column":78}}]},"2":{"loc":{"start":{"line":26,"column":17},"end":{"line":26,"column":55}},"type":"binary-expr","locations":[{"start":{"line":26,"column":17},"end":{"line":26,"column":43}},{"start":{"line":26,"column":47},"end":{"line":26,"column":55}}]}},"s":{"0":1,"1":1,"2":1,"3":1,"4":1,"5":1,"6":1,"7":8,"8":8,"9":8,"10":8,"11":8,"12":8,"13":8,"14":2,"15":2,"16":2,"17":1,"18":2,"19":2,"20":1},"f":{"0":1,"1":1,"2":1,"3":8,"4":2,"5":2},"b":{"0":[2,6],"1":[1,7],"2":[8,5]}}
,"/home/sooyoungbabo/Basic-Javascript/6-sprint-mission/src/controller/auth.control.ts": {"path":"/home/sooyoungbabo/Basic-Javascript/6-sprint-mission/src/controller/auth.control.ts","statementMap":{"0":{"start":{"line":2,"column":0},"end":{"line":2,"column":37}},"1":{"start":{"line":3,"column":0},"end":{"line":3,"column":51}},"2":{"start":{"line":4,"column":0},"end":{"line":4,"column":93}},"3":{"start":{"line":5,"column":0},"end":{"line":5,"column":50}},"4":{"start":{"line":6,"column":0},"end":{"line":6,"column":71}},"5":{"start":{"line":9,"column":2},"end":{"line":9,"column":31}},"6":{"start":{"line":10,"column":18},"end":{"line":10,"column":54}},"7":{"start":{"line":11,"column":2},"end":{"line":11,"column":32}},"8":{"start":{"line":15,"column":40},"end":{"line":15,"column":73}},"9":{"start":{"line":16,"column":2},"end":{"line":16,"column":37}},"10":{"start":{"line":17,"column":2},"end":{"line":17,"column":40}},"11":{"start":{"line":21,"column":2},"end":{"line":21,"column":39}},"12":{"start":{"line":22,"column":2},"end":{"line":22,"column":55}},"13":{"start":{"line":26,"column":15},"end":{"line":26,"column":40}},"14":{"start":{"line":27,"column":2},"end":{"line":27,"column":66}},"15":{"start":{"line":27,"column":36},"end":{"line":27,"column":66}},"16":{"start":{"line":28,"column":22},"end":{"line":28,"column":35}},"17":{"start":{"line":29,"column":23},"end":{"line":29,"column":61}},"18":{"start":{"line":31,"column":2},"end":{"line":31,"column":18}},"19":{"start":{"line":32,"column":2},"end":{"line":32,"column":46}},"20":{"start":{"line":33,"column":2},"end":{"line":33,"column":47}},"21":{"start":{"line":34,"column":2},"end":{"line":34,"column":18}},"22":{"start":{"line":40,"column":40},"end":{"line":41,"column":null}},"23":{"start":{"line":43,"column":2},"end":{"line":43,"column":37}},"24":{"start":{"line":44,"column":2},"end":{"line":44,"column":40}},"25":{"start":{"line":59,"column":2},"end":{"line":65,"column":5}},"26":{"start":{"line":68,"column":0},"end":{"line":74,"column":2}}},"fnMap":{"0":{"name":"register","decl":{"start":{"line":8,"column":15},"end":{"line":8,"column":23}},"loc":{"start":{"line":8,"column":51},"end":{"line":12,"column":null}}},"1":{"name":"login","decl":{"start":{"line":14,"column":15},"end":{"line":14,"column":20}},"loc":{"start":{"line":14,"column":48},"end":{"line":18,"column":null}}},"2":{"name":"logout","decl":{"start":{"line":20,"column":9},"end":{"line":20,"column":15}},"loc":{"start":{"line":20,"column":43},"end":{"line":23,"column":1}}},"3":{"name":"viewTokens","decl":{"start":{"line":25,"column":9},"end":{"line":25,"column":19}},"loc":{"start":{"line":25,"column":47},"end":{"line":36,"column":1}}},"4":{"name":"issueTokens","decl":{"start":{"line":38,"column":15},"end":{"line":38,"column":26}},"loc":{"start":{"line":38,"column":54},"end":{"line":45,"column":null}}},"5":{"name":"setTokenCookies","decl":{"start":{"line":48,"column":9},"end":{"line":48,"column":24}},"loc":{"start":{"line":51,"column":34},"end":{"line":66,"column":1}}}},"branchMap":{"0":{"loc":{"start":{"line":27,"column":2},"end":{"line":27,"column":66}},"type":"if","locations":[{"start":{"line":27,"column":2},"end":{"line":27,"column":66}},{"start":{},"end":{}}]},"1":{"loc":{"start":{"line":27,"column":7},"end":{"line":27,"column":34}},"type":"cond-expr","locations":[{"start":{"line":27,"column":11},"end":{"line":27,"column":13}},{"start":{"line":27,"column":7},"end":{"line":27,"column":34}}]},"2":{"loc":{"start":{"line":27,"column":7},"end":{"line":27,"column":13}},"type":"binary-expr","locations":[{"start":{"line":27,"column":7},"end":{"line":27,"column":13}},{"start":{"line":27,"column":7},"end":{"line":27,"column":13}}]},"3":{"loc":{"start":{"line":63,"column":12},"end":{"line":63,"column":59}},"type":"binary-expr","locations":[{"start":{"line":63,"column":12},"end":{"line":63,"column":32}},{"start":{"line":63,"column":36},"end":{"line":63,"column":59}}]}},"s":{"0":1,"1":1,"2":1,"3":1,"4":1,"5":2,"6":2,"7":1,"8":20,"9":18,"10":18,"11":1,"12":1,"13":0,"14":0,"15":0,"16":0,"17":0,"18":0,"19":0,"20":0,"21":0,"22":0,"23":0,"24":0,"25":18,"26":1},"f":{"0":2,"1":20,"2":1,"3":0,"4":0,"5":18},"b":{"0":[0,0],"1":[0,0],"2":[0,0],"3":[18,0]}}
,"/home/sooyoungbabo/Basic-Javascript/6-sprint-mission/src/controller/product.control.ts": {"path":"/home/sooyoungbabo/Basic-Javascript/6-sprint-mission/src/controller/product.control.ts","statementMap":{"0":{"start":{"line":1,"column":0},"end":{"line":1,"column":56}},"1":{"start":{"line":7,"column":45},"end":{"line":7,"column":53}},"2":{"start":{"line":8,"column":22},"end":{"line":14,"column":4}},"3":{"start":{"line":15,"column":33},"end":{"line":15,"column":71}},"4":{"start":{"line":16,"column":2},"end":{"line":16,"column":32}},"5":{"start":{"line":21,"column":17},"end":{"line":21,"column":27}},"6":{"start":{"line":22,"column":45},"end":{"line":22,"column":53}},"7":{"start":{"line":24,"column":22},"end":{"line":29,"column":4}},"8":{"start":{"line":31,"column":18},"end":{"line":31,"column":69}},"9":{"start":{"line":32,"column":2},"end":{"line":32,"column":32}},"10":{"start":{"line":37,"column":17},"end":{"line":37,"column":27}},"11":{"start":{"line":38,"column":2},"end":{"line":38,"column":41}},"12":{"start":{"line":39,"column":2},"end":{"line":39,"column":51}},"13":{"start":{"line":48,"column":17},"end":{"line":48,"column":80}},"14":{"start":{"line":49,"column":16},"end":{"line":49,"column":78}},"15":{"start":{"line":50,"column":17},"end":{"line":50,"column":55}},"16":{"start":{"line":51,"column":15},"end":{"line":51,"column":51}},"17":{"start":{"line":52,"column":22},"end":{"line":52,"column":65}},"18":{"start":{"line":54,"column":19},"end":{"line":54,"column":88}},"19":{"start":{"line":55,"column":2},"end":{"line":55,"column":33}},"20":{"start":{"line":61,"column":28},"end":{"line":61,"column":38}},"21":{"start":{"line":62,"column":17},"end":{"line":62,"column":28}},"22":{"start":{"line":63,"column":18},"end":{"line":63,"column":69}},"23":{"start":{"line":64,"column":2},"end":{"line":64,"column":32}},"24":{"start":{"line":69,"column":18},"end":{"line":69,"column":85}},"25":{"start":{"line":70,"column":2},"end":{"line":70,"column":32}},"26":{"start":{"line":75,"column":18},"end":{"line":75,"column":76}},"27":{"start":{"line":76,"column":2},"end":{"line":76,"column":32}},"28":{"start":{"line":80,"column":18},"end":{"line":80,"column":84}},"29":{"start":{"line":81,"column":2},"end":{"line":81,"column":65}},"30":{"start":{"line":84,"column":0},"end":{"line":93,"column":2}}},"fnMap":{"0":{"name":"post","decl":{"start":{"line":6,"column":15},"end":{"line":6,"column":19}},"loc":{"start":{"line":6,"column":67},"end":{"line":17,"column":null}}},"1":{"name":"patch","decl":{"start":{"line":20,"column":15},"end":{"line":20,"column":20}},"loc":{"start":{"line":20,"column":68},"end":{"line":33,"column":null}}},"2":{"name":"erase","decl":{"start":{"line":36,"column":15},"end":{"line":36,"column":20}},"loc":{"start":{"line":36,"column":68},"end":{"line":40,"column":null}}},"3":{"name":"getList","decl":{"start":{"line":47,"column":15},"end":{"line":47,"column":22}},"loc":{"start":{"line":47,"column":70},"end":{"line":56,"column":null}}},"4":{"name":"get","decl":{"start":{"line":60,"column":15},"end":{"line":60,"column":18}},"loc":{"start":{"line":60,"column":66},"end":{"line":65,"column":null}}},"5":{"name":"likeToggle","decl":{"start":{"line":68,"column":15},"end":{"line":68,"column":25}},"loc":{"start":{"line":68,"column":73},"end":{"line":71,"column":null}}},"6":{"name":"getPriceRecord","decl":{"start":{"line":74,"column":15},"end":{"line":74,"column":29}},"loc":{"start":{"line":74,"column":77},"end":{"line":77,"column":null}}},"7":{"name":"getPriceRecords","decl":{"start":{"line":79,"column":15},"end":{"line":79,"column":30}},"loc":{"start":{"line":79,"column":78},"end":{"line":82,"column":null}}}},"branchMap":{"0":{"loc":{"start":{"line":25,"column":10},"end":{"line":25,"column":40}},"type":"cond-expr","locations":[{"start":{"line":25,"column":17},"end":{"line":25,"column":28}},{"start":{"line":25,"column":31},"end":{"line":25,"column":40}}]},"1":{"loc":{"start":{"line":26,"column":17},"end":{"line":26,"column":61}},"type":"cond-expr","locations":[{"start":{"line":26,"column":31},"end":{"line":26,"column":49}},{"start":{"line":26,"column":52},"end":{"line":26,"column":61}}]},"2":{"loc":{"start":{"line":27,"column":11},"end":{"line":27,"column":29}},"type":"cond-expr","locations":[{"start":{"line":27,"column":11},"end":{"line":27,"column":16}},{"start":{"line":27,"column":20},"end":{"line":27,"column":29}}]},"3":{"loc":{"start":{"line":27,"column":11},"end":{"line":27,"column":20}},"type":"binary-expr","locations":[{"start":{"line":27,"column":11},"end":{"line":27,"column":20}},{"start":{"line":27,"column":11},"end":{"line":27,"column":20}}]},"4":{"loc":{"start":{"line":28,"column":10},"end":{"line":28,"column":27}},"type":"cond-expr","locations":[{"start":{"line":28,"column":10},"end":{"line":28,"column":14}},{"start":{"line":28,"column":18},"end":{"line":28,"column":27}}]},"5":{"loc":{"start":{"line":28,"column":10},"end":{"line":28,"column":18}},"type":"binary-expr","locations":[{"start":{"line":28,"column":10},"end":{"line":28,"column":18}},{"start":{"line":28,"column":10},"end":{"line":28,"column":18}}]},"6":{"loc":{"start":{"line":48,"column":17},"end":{"line":48,"column":80}},"type":"cond-expr","locations":[{"start":{"line":48,"column":36},"end":{"line":48,"column":76}},{"start":{"line":48,"column":79},"end":{"line":48,"column":80}}]},"7":{"loc":{"start":{"line":49,"column":16},"end":{"line":49,"column":78}},"type":"cond-expr","locations":[{"start":{"line":49,"column":34},"end":{"line":49,"column":73}},{"start":{"line":49,"column":76},"end":{"line":49,"column":78}}]},"8":{"loc":{"start":{"line":50,"column":17},"end":{"line":50,"column":55}},"type":"binary-expr","locations":[{"start":{"line":50,"column":17},"end":{"line":50,"column":43}},{"start":{"line":50,"column":47},"end":{"line":50,"column":55}}]}},"s":{"0":1,"1":1,"2":1,"3":1,"4":1,"5":2,"6":2,"7":2,"8":2,"9":2,"10":1,"11":1,"12":1,"13":8,"14":8,"15":8,"16":8,"17":8,"18":8,"19":8,"20":2,"21":2,"22":2,"23":1,"24":2,"25":2,"26":1,"27":1,"28":2,"29":2,"30":1},"f":{"0":1,"1":2,"2":1,"3":8,"4":2,"5":2,"6":1,"7":2},"b":{"0":[1,1],"1":[1,1],"2":[1,1],"3":[2,2],"4":[1,1],"5":[2,2],"6":[2,6],"7":[1,7],"8":[8,5]}}
}
