TN:
SF:src/service/product.service.ts
FN:23,post
FN:29,(anonymous_11)
FN:29,(anonymous_12)
FN:45,patch
FN:110,erase
FN:119,getList
FN:136,(anonymous_19)
FN:146,get
FN:158,likeToggle
FN:177,getPriceRecord
FN:181,getPriceRecords
FN:187,priceToBeChanged
FNF:12
FNH:1
FNDA:0,post
FNDA:0,(anonymous_11)
FNDA:0,(anonymous_12)
FNDA:0,patch
FNDA:0,erase
FNDA:0,getList
FNDA:0,(anonymous_19)
FNDA:0,get
FNDA:2,likeToggle
FNDA:0,getPriceRecord
FNDA:0,getPriceRecords
FNDA:0,priceToBeChanged
DA:1,1
DA:2,1
DA:3,1
DA:4,1
DA:12,1
DA:13,1
DA:14,1
DA:15,1
DA:21,1
DA:24,0
DA:25,0
DA:26,0
DA:28,0
DA:29,0
DA:30,0
DA:32,0
DA:37,0
DA:38,0
DA:39,0
DA:42,0
DA:46,0
DA:47,0
DA:52,0
DA:53,0
DA:58,0
DA:60,0
DA:66,0
DA:67,0
DA:69,0
DA:75,0
DA:76,0
DA:78,0
DA:79,0
DA:81,0
DA:87,0
DA:88,0
DA:90,0
DA:92,0
DA:93,0
DA:95,0
DA:97,0
DA:98,0
DA:99,0
DA:100,0
DA:103,0
DA:106,0
DA:107,0
DA:111,0
DA:126,0
DA:127,0
DA:128,0
DA:129,0
DA:131,0
DA:132,0
DA:133,0
DA:135,0
DA:136,0
DA:137,0
DA:138,0
DA:141,0
DA:150,0
DA:151,0
DA:152,0
DA:153,0
DA:154,0
DA:159,2
DA:161,2
DA:163,2
DA:167,2
DA:169,2
DA:171,2
DA:178,0
DA:182,0
DA:188,0
DA:190,0
DA:191,0
DA:192,0
DA:193,0
DA:196,1
LF:79
LH:16
BRDA:52,0,0,0
BRDA:52,0,1,0
BRDA:67,1,0,0
BRDA:67,1,1,0
BRDA:75,2,0,0
BRDA:75,2,1,0
BRDA:106,3,0,0
BRDA:106,3,1,0
BRDA:127,4,0,0
BRDA:127,4,1,0
BRDA:132,5,0,0
BRDA:132,5,1,0
BRDA:133,6,0,0
BRDA:133,6,1,0
BRDA:152,7,0,0
BRDA:152,7,1,0
BRDA:163,8,0,1
BRDA:163,8,1,1
BRDA:167,9,0,1
BRDA:167,9,1,1
BRDA:188,10,0,0
BRDA:188,10,1,0
BRDA:191,11,0,0
BRDA:191,11,1,0
BRDA:192,12,0,0
BRDA:192,12,1,0
BRF:26
BRH:4
end_of_record
