TN:
SF:src/controller/article.control.ts
FN:5,post
FN:12,patch
FN:19,erase
FN:26,getList
FN:39,get
FN:48,likeToggle
FNF:6
FNH:6
FNDA:1,post
FNDA:1,patch
FNDA:1,erase
FNDA:8,getList
FNDA:2,get
FNDA:2,likeToggle
DA:1,1
DA:6,1
DA:7,1
DA:8,1
DA:13,1
DA:14,1
DA:15,1
DA:20,1
DA:21,1
DA:22,1
DA:27,8
DA:28,8
DA:29,8
DA:30,8
DA:31,8
DA:33,8
DA:34,8
DA:35,8
DA:40,2
DA:41,2
DA:42,2
DA:43,1
DA:44,1
DA:49,2
DA:50,2
DA:53,1
LF:26
LH:26
BRDA:27,0,0,2
BRDA:27,0,1,6
BRDA:28,1,0,1
BRDA:28,1,1,7
BRDA:29,2,0,8
BRDA:29,2,1,5
BRF:6
BRH:6
end_of_record
TN:
SF:src/controller/auth.control.ts
FN:13,register
FN:20,login
FN:28,logout
FN:34,viewTokens
FN:47,issueTokens
FN:55,setTokenCookies
FNF:6
FNH:3
FNDA:2,register
FNDA:20,login
FNDA:0,logout
FNDA:0,viewTokens
FNDA:0,issueTokens
FNDA:18,setTokenCookies
DA:2,1
DA:3,1
DA:4,1
DA:11,1
DA:14,2
DA:15,2
DA:16,1
DA:17,1
DA:21,20
DA:22,18
DA:23,18
DA:25,18
DA:29,0
DA:30,0
DA:31,0
DA:35,0
DA:36,0
DA:37,0
DA:38,0
DA:39,0
DA:40,0
DA:41,0
DA:43,0
DA:48,0
DA:49,0
DA:50,0
DA:51,0
DA:60,18
DA:66,18
DA:75,1
LF:30
LH:15
BRDA:35,0,0,0
BRDA:35,0,1,0
BRDA:41,1,0,0
BRDA:41,1,1,0
BRDA:64,2,0,18
BRDA:64,2,1,0
BRDA:70,3,0,18
BRDA:70,3,1,0
BRF:8
BRH:2
end_of_record
TN:
SF:src/controller/product.control.ts
FN:6,post
FN:25,patch
FN:43,erase
FN:55,getList
FN:69,get
FN:78,likeToggle
FN:84,getPriceRecord
FN:89,getPriceRecords
FNF:8
FNH:8
FNDA:1,post
FNDA:2,patch
FNDA:1,erase
FNDA:8,getList
FNDA:2,get
FNDA:2,likeToggle
FNDA:1,getPriceRecord
FNDA:2,getPriceRecords
DA:1,1
DA:7,1
DA:8,1
DA:15,1
DA:16,1
DA:17,1
DA:18,1
DA:19,1
DA:20,1
DA:21,1
DA:26,2
DA:27,2
DA:29,2
DA:36,2
DA:37,2
DA:38,2
DA:39,2
DA:44,1
DA:45,1
DA:46,1
DA:47,1
DA:56,8
DA:57,8
DA:58,8
DA:59,8
DA:60,8
DA:62,8
DA:63,8
DA:64,8
DA:70,2
DA:71,2
DA:72,2
DA:73,1
DA:74,1
DA:79,2
DA:80,2
DA:85,1
DA:86,1
DA:90,2
DA:91,2
DA:94,1
LF:41
LH:41
BRDA:30,0,0,1
BRDA:30,0,1,1
BRDA:31,1,0,1
BRDA:31,1,1,1
BRDA:32,2,0,1
BRDA:32,2,1,1
BRDA:32,3,0,2
BRDA:32,3,1,2
BRDA:33,4,0,1
BRDA:33,4,1,1
BRDA:33,5,0,2
BRDA:33,5,1,2
BRDA:56,6,0,2
BRDA:56,6,1,6
BRDA:57,7,0,1
BRDA:57,7,1,7
BRDA:58,8,0,8
BRDA:58,8,1,5
BRF:18
BRH:18
end_of_record
